#
# A fatal error has been detected by the Java Runtime Environment:
#
#  SIGSEGV (0xb) at pc=0x00007fff928ad0cc, pid=27450, tid=12675
#
# JRE version: Java(TM) SE Runtime Environment (7.0_71-b14) (build 1.7.0_71-b14)
# Java VM: Java HotSpot(TM) 64-Bit Server VM (24.71-b01 mixed mode bsd-amd64 compressed oops)
# Problematic frame:
# C  [libsystem_platform.dylib+0x50cc]  _platform_memmove$VARIANT$Unknown+0x12c
#
# Failed to write core dump. Core dumps have been disabled. To enable core dumping, try "ulimit -c unlimited" before starting Java again
#
# If you would like to submit a bug report, please visit:
#   http://bugreport.sun.com/bugreport/crash.jsp
# The crash happened outside the Java Virtual Machine in native code.
# See problematic frame for where to report the bug.
#

---------------  T H R E A D  ---------------

Current thread (0x00007fb987b0b000):  JavaThread "Task worker" [_thread_in_native, id=12675, stack(0x000000011af5f000,0x000000011b05f000)]

siginfo:si_signo=SIGSEGV: si_errno=0, si_code=1 (SEGV_MAPERR), si_addr=0x000000011a12b000

Registers:
RAX=0x00007fb9872cf200, RBX=0x000000011a129fc2, RCX=0x0000000000000020, RDX=0x0000000000001f44
RSP=0x000000011b05ca70, RBP=0x000000011b05ca70, RSI=0x000000011a12afd0, RDI=0x00007fb9872d01e0
R8 =0x0000000000000000, R9 =0x0000000000007571, R10=0x00007fb98539f790, R11=0x00007fb86d1a5210
R12=0x000000006e612f73, R13=0x0000000072656c69, R14=0x00000000696f7264, R15=0x0000000000006572
RIP=0x00007fff928ad0cc, EFLAGS=0x0000000000010202, ERR=0x0000000000000004
  TRAPNO=0x000000000000000e

Top of Stack: (sp=0x000000011b05ca70)
0x000000011b05ca70:   000000011b05cae0 000000010bad422b
0x000000011b05ca80:   000000721b05d180 0000000000000065
0x000000011b05ca90:   0000000000007571 00007fb9872cf200
0x000000011b05caa0:   0000000000002f64 00007fb9854eee20
0x000000011b05cab0:   00007fb98539f790 00000000497fa543
0x000000011b05cac0:   0000000000000130 00007fb985645b90
0x000000011b05cad0:   00007fb9854eee20 00007fb9853b9670
0x000000011b05cae0:   000000011b05cb30 000000010bad4725
0x000000011b05caf0:   0000000000000037 0000003787b0b000
0x000000011b05cb00:   000000011b05cb4e 000000011b05cf98
0x000000011b05cb10:   0000000000000037 000000011b05cb4e
0x000000011b05cb20:   00007fb9854eee20 00007fb987b0b1e8
0x000000011b05cb30:   000000011b05cf80 000000010bad3570
0x000000011b05cb40:   0000000742888598 454d000100000001
0x000000011b05cb50:   732f464e492d4154 2f73656369767265
0x000000011b05cb60:   6e612e786176616a 6e6f697461746f6e
0x000000011b05cb70:   737365636f72702e 636f72502e676e69
0x000000011b05cb80:   000000726f737365 000000074048f030
0x000000011b05cb90:   000000011b05cc00 000000010bae08e1
0x000000011b05cba0:   000000011b05cc00 000000010bae08e1
0x000000011b05cbb0:   00000007f4a60478 00000007f4a60460
0x000000011b05cbc0:   000000011b05cbc0 0000000740491164
0x000000011b05cbd0:   000000011b05cc18 0000000740491740
0x000000011b05cbe0:   0000000000000000 0000000740491178
0x000000011b05cbf0:   0000000000000000 000000011b05cc10
0x000000011b05cc00:   000000011b05cc68 000000010bae0058
0x000000011b05cc10:   00000007f4a60338 00000007f4a60460
0x000000011b05cc20:   00000007f4a60460 000000011b05cc28
0x000000011b05cc30:   000000074048e96d 000000011b05cc78
0x000000011b05cc40:   000000074048f3f8 0000000000000000
0x000000011b05cc50:   000000074048e978 0000000000000000
0x000000011b05cc60:   000000011b05cc78 000000011b05cce0 

Instructions: (pc=0x00007fff928ad0cc)
0x00007fff928ad0ac:   80 00 00 00 76 4e 48 f7 c6 1f 00 00 00 74 25 c5
0x00007fff928ad0bc:   fc 29 0f c5 fc 29 57 20 48 83 c7 40 c5 fc 10 0e
0x00007fff928ad0cc:   c5 fc 10 56 20 48 83 c6 40 48 83 ea 40 77 e0 eb
0x00007fff928ad0dc:   23 0f 1f 00 c5 fc 29 0f c5 fc 29 57 20 48 83 c7 

Register to memory mapping:

RAX=0x00007fb9872cf200 is an unknown value
RBX=0x000000011a129fc2 is an unknown value
RCX=0x0000000000000020 is an unknown value
RDX=0x0000000000001f44 is an unknown value
RSP=0x000000011b05ca70 is pointing into the stack for thread: 0x00007fb987b0b000
RBP=0x000000011b05ca70 is pointing into the stack for thread: 0x00007fb987b0b000
RSI=0x000000011a12afd0 is an unknown value
RDI=0x00007fb9872d01e0 is an unknown value
R8 =0x0000000000000000 is an unknown value
R9 =0x0000000000007571 is an unknown value
R10=0x00007fb98539f790 is an unknown value
R11=0x00007fb86d1a5210 is an unknown value
R12=0x000000006e612f73 is an unknown value
R13=0x0000000072656c69 is an unknown value
R14=0x00000000696f7264 is an unknown value
R15=0x0000000000006572 is an unknown value


Stack: [0x000000011af5f000,0x000000011b05f000],  sp=0x000000011b05ca70,  free space=1014k
Native frames: (J=compiled Java code, j=interpreted, Vv=VM code, C=native code)
C  [libsystem_platform.dylib+0x50cc]  _platform_memmove$VARIANT$Unknown+0x12c
C  [libzip.dylib+0x322b]  newEntry+0x2c8
C  [libzip.dylib+0x3725]  ZIP_GetEntry+0xa2
C  [libzip.dylib+0x2570]  Java_java_util_zip_ZipFile_getEntry+0xdd
J 50  java.util.zip.ZipFile.getEntry(J[BZ)J (0 bytes) @ 0x000000010bb58c8e [0x000000010bb58bc0+0xce]

Java frames: (J=compiled Java code, j=interpreted, Vv=VM code)
J 50  java.util.zip.ZipFile.getEntry(J[BZ)J (0 bytes) @ 0x000000010bb58c18 [0x000000010bb58bc0+0x58]
J 66 C2 java.util.jar.JarFile.getEntry(Ljava/lang/String;)Ljava/util/zip/ZipEntry; (22 bytes) @ 0x000000010bb68968 [0x000000010bb688a0+0xc8]
j  sun.net.www.protocol.jar.URLJarFile.getEntry(Ljava/lang/String;)Ljava/util/zip/ZipEntry;+2
j  sun.net.www.protocol.jar.JarURLConnection.connect()V+62
j  sun.net.www.protocol.jar.JarURLConnection.getInputStream()Ljava/io/InputStream;+1
j  java.net.URL.openStream()Ljava/io/InputStream;+4
j  java.util.ServiceLoader.parse(Ljava/lang/Class;Ljava/net/URL;)Ljava/util/Iterator;+15
j  java.util.ServiceLoader.access$200(Ljava/util/ServiceLoader;Ljava/lang/Class;Ljava/net/URL;)Ljava/util/Iterator;+3
j  java.util.ServiceLoader$LazyIterator.hasNext()Z+140
j  java.util.ServiceLoader$1.hasNext()Z+21
j  com.sun.tools.javac.processing.JavacProcessingEnvironment$ServiceIterator.hasNext()Z+4
j  com.sun.tools.javac.processing.JavacProcessingEnvironment$DiscoveredProcessors$ProcessorStateIterator.hasNext()Z+39
j  com.sun.tools.javac.processing.JavacProcessingEnvironment.atLeastOneProcessor()Z+7
j  com.sun.tools.javac.main.JavaCompiler.initProcessAnnotations(Ljava/lang/Iterable;)V+52
j  com.sun.tools.javac.main.JavaCompiler.compile(Lcom/sun/tools/javac/util/List;Lcom/sun/tools/javac/util/List;Ljava/lang/Iterable;)V+127
j  com.sun.tools.javac.main.Main.compile([Ljava/lang/String;[Ljava/lang/String;Lcom/sun/tools/javac/util/Context;Lcom/sun/tools/javac/util/List;Ljava/lang/Iterable;)I+761
j  com.sun.tools.javac.api.JavacTaskImpl.call()Ljava/lang/Boolean;+59
j  org.gradle.api.internal.tasks.compile.jdk6.Jdk6JavaCompiler.execute(Lorg/gradle/api/internal/tasks/compile/JavaCompileSpec;)Lorg/gradle/api/tasks/WorkResult;+17
j  org.gradle.api.internal.tasks.compile.jdk6.Jdk6JavaCompiler.execute(Lorg/gradle/language/base/internal/compile/CompileSpec;)Lorg/gradle/api/tasks/WorkResult;+5
j  org.gradle.api.internal.tasks.compile.NormalizingJavaCompiler.delegateAndHandleErrors(Lorg/gradle/api/internal/tasks/compile/JavaCompileSpec;)Lorg/gradle/api/tasks/WorkResult;+5
j  org.gradle.api.internal.tasks.compile.NormalizingJavaCompiler.execute(Lorg/gradle/api/internal/tasks/compile/JavaCompileSpec;)Lorg/gradle/api/tasks/WorkResult;+27
j  org.gradle.api.internal.tasks.compile.NormalizingJavaCompiler.execute(Lorg/gradle/language/base/internal/compile/CompileSpec;)Lorg/gradle/api/tasks/WorkResult;+5
j  org.gradle.api.internal.tasks.compile.CleaningJavaCompilerSupport.execute(Lorg/gradle/api/internal/tasks/compile/JavaCompileSpec;)Lorg/gradle/api/tasks/WorkResult;+37
j  org.gradle.api.internal.tasks.compile.CleaningJavaCompilerSupport.execute(Lorg/gradle/language/base/internal/compile/CompileSpec;)Lorg/gradle/api/tasks/WorkResult;+5
j  org.gradle.api.tasks.compile.JavaCompile.performCompilation(Lorg/gradle/api/internal/tasks/compile/JavaCompileSpec;Lorg/gradle/language/base/internal/compile/Compiler;)V+2
j  org.gradle.api.tasks.compile.JavaCompile.compile()V+12
j  org.gradle.api.tasks.compile.JavaCompile.compile(Lorg/gradle/api/tasks/incremental/IncrementalTaskInputs;)V+11
v  ~StubRoutines::call_stub
J 2201  sun.reflect.NativeMethodAccessorImpl.invoke0(Ljava/lang/reflect/Method;Ljava/lang/Object;[Ljava/lang/Object;)Ljava/lang/Object; (0 bytes) @ 0x000000010bf94977 [0x000000010bf94900+0x77]
J 2200 C2 sun.reflect.NativeMethodAccessorImpl.invoke(Ljava/lang/Object;[Ljava/lang/Object;)Ljava/lang/Object; (91 bytes) @ 0x000000010c0b57dc [0x000000010c0b5760+0x7c]
J 755 C2 java.lang.reflect.Method.invoke(Ljava/lang/Object;[Ljava/lang/Object;)Ljava/lang/Object; (63 bytes) @ 0x000000010bd6d1b0 [0x000000010bd6d120+0x90]
j  org.gradle.internal.reflect.JavaMethod.invoke(Ljava/lang/Object;[Ljava/lang/Object;)Ljava/lang/Object;+6
j  org.gradle.api.internal.project.taskfactory.AnnotationProcessingTaskFactory$IncrementalTaskAction.doExecute(Lorg/gradle/api/Task;Ljava/lang/String;)V+35
j  org.gradle.api.internal.project.taskfactory.AnnotationProcessingTaskFactory$StandardTaskAction.execute(Lorg/gradle/api/Task;)V+32
j  org.gradle.api.internal.project.taskfactory.AnnotationProcessingTaskFactory$IncrementalTaskAction.execute(Lorg/gradle/api/Task;)V+2
j  org.gradle.api.internal.project.taskfactory.AnnotationProcessingTaskFactory$StandardTaskAction.execute(Ljava/lang/Object;)V+5
j  org.gradle.api.internal.tasks.execution.ExecuteActionsTaskExecuter.executeAction(Lorg/gradle/api/internal/TaskInternal;Lorg/gradle/api/internal/tasks/ContextAwareTaskAction;Lorg/gradle/api/internal/tasks/TaskExecutionContext;)V+9
j  org.gradle.api.internal.tasks.execution.ExecuteActionsTaskExecuter.executeActions(Lorg/gradle/api/internal/TaskInternal;Lorg/gradle/api/internal/tasks/TaskStateInternal;Lorg/gradle/api/internal/tasks/TaskExecutionContext;)Lorg/gradle/api/GradleException;+79
j  org.gradle.api.internal.tasks.execution.ExecuteActionsTaskExecuter.execute(Lorg/gradle/api/internal/TaskInternal;Lorg/gradle/api/internal/tasks/TaskStateInternal;Lorg/gradle/api/internal/tasks/TaskExecutionContext;)V+19
J 5892 C2 org.gradle.api.internal.tasks.execution.ValidatingTaskExecuter.execute(Lorg/gradle/api/internal/TaskInternal;Lorg/gradle/api/internal/tasks/TaskStateInternal;Lorg/gradle/api/internal/tasks/TaskExecutionContext;)V (221 bytes) @ 0x000000010c64e3c8 [0x000000010c64dba0+0x828]
J 6745 C2 org.gradle.api.internal.tasks.execution.SkipTaskWithNoActionsExecuter.execute(Lorg/gradle/api/internal/TaskInternal;Lorg/gradle/api/internal/tasks/TaskStateInternal;Lorg/gradle/api/internal/tasks/TaskExecutionContext;)V (116 bytes) @ 0x000000010cfc9164 [0x000000010cfc8f00+0x264]
j  org.gradle.api.internal.tasks.execution.SkipOnlyIfTaskExecuter.execute(Lorg/gradle/api/internal/TaskInternal;Lorg/gradle/api/internal/tasks/TaskStateInternal;Lorg/gradle/api/internal/tasks/TaskExecutionContext;)V+84
j  org.gradle.api.internal.tasks.execution.ExecuteAtMostOnceTaskExecuter.execute(Lorg/gradle/api/internal/TaskInternal;Lorg/gradle/api/internal/tasks/TaskStateInternal;Lorg/gradle/api/internal/tasks/TaskExecutionContext;)V+26
j  org.gradle.api.internal.AbstractTask.executeWithoutThrowingTaskFailure()V+16
J 6142 C2 org.gradle.execution.taskgraph.AbstractTaskPlanExecutor$TaskExecutorWorker.run()V (153 bytes) @ 0x000000010cd58200 [0x000000010cd577e0+0xa20]
j  org.gradle.internal.concurrent.DefaultExecutorFactory$StoppableExecutorImpl$1.run()V+18
j  java.util.concurrent.ThreadPoolExecutor.runWorker(Ljava/util/concurrent/ThreadPoolExecutor$Worker;)V+95
j  java.util.concurrent.ThreadPoolExecutor$Worker.run()V+5
j  java.lang.Thread.run()V+11
v  ~StubRoutines::call_stub

---------------  P R O C E S S  ---------------

Java Threads: ( => current thread )
  0x00007fb985a97800 JavaThread "process reaper" daemon [_thread_blocked, id=27407, stack(0x000000011a548000,0x000000011a570000)]
  0x00007fb98aa76800 JavaThread "process reaper" daemon [_thread_blocked, id=27179, stack(0x000000011a51d000,0x000000011a545000)]
  0x00007fb98a17c000 JavaThread "process reaper" daemon [_thread_blocked, id=25895, stack(0x000000011a0f5000,0x000000011a11d000)]
  0x00007fb9872b8800 JavaThread "pool-58-thread-4" [_thread_blocked, id=20831, stack(0x000000011b814000,0x000000011b914000)]
  0x00007fb989cb1000 JavaThread "pool-58-thread-3" [_thread_blocked, id=21135, stack(0x000000011b711000,0x000000011b811000)]
  0x00007fb98acec800 JavaThread "pool-58-thread-2" [_thread_blocked, id=24255, stack(0x000000011b60e000,0x000000011b70e000)]
  0x00007fb98ad91800 JavaThread "pool-58-thread-1" [_thread_blocked, id=28735, stack(0x000000011b50b000,0x000000011b60b000)]
  0x00007fb986e47000 JavaThread "process reaper" daemon [_thread_blocked, id=20303, stack(0x000000011a0ca000,0x000000011a0f2000)]
  0x00007fb985f48800 JavaThread "Task worker Thread 3" [_thread_blocked, id=25411, stack(0x000000011b408000,0x000000011b508000)]
  0x00007fb98c0de000 JavaThread "Task worker Thread 2" [_thread_blocked, id=23135, stack(0x000000011b305000,0x000000011b405000)]
=>0x00007fb987b0b000 JavaThread "Task worker" [_thread_in_native, id=12675, stack(0x000000011af5f000,0x000000011b05f000)]
  0x00007fb987c01800 JavaThread "Stdin handler" [_thread_blocked, id=27651, stack(0x000000011ae5c000,0x000000011af5c000)]
  0x00007fb9832e3800 JavaThread "Handler for socket connection at /127.0.0.1:61723 with /127.0.0.1:61944" [_thread_in_native, id=25259, stack(0x000000011ad59000,0x000000011ae59000)]
  0x00007fb984dfb000 JavaThread "Daemon Thread 25" [_thread_blocked, id=21423, stack(0x0000000119f45000,0x000000011a045000)]
  0x00007fb9833e0000 JavaThread "File lock request listener" [_thread_in_native, id=21507, stack(0x000000011abae000,0x000000011acae000)]
  0x00007fb9832f5000 JavaThread "Incoming local TCP Connector on port 61723" [_thread_in_native, id=18947, stack(0x000000011a3d2000,0x000000011a4d2000)]
  0x00007fb983012800 JavaThread "Service Thread" daemon [_thread_blocked, id=17923, stack(0x0000000119a67000,0x0000000119b67000)]
  0x00007fb98401f000 JavaThread "C2 CompilerThread1" daemon [_thread_blocked, id=17411, stack(0x0000000119964000,0x0000000119a64000)]
  0x00007fb983817000 JavaThread "C2 CompilerThread0" daemon [_thread_blocked, id=16899, stack(0x0000000119861000,0x0000000119961000)]
  0x00007fb984851000 JavaThread "Signal Dispatcher" daemon [_thread_blocked, id=16411, stack(0x000000011975e000,0x000000011985e000)]
  0x00007fb983804800 JavaThread "Finalizer" daemon [_thread_blocked, id=11523, stack(0x0000000117e18000,0x0000000117f18000)]
  0x00007fb984017800 JavaThread "Reference Handler" daemon [_thread_blocked, id=11011, stack(0x0000000117d15000,0x0000000117e15000)]
  0x00007fb984001000 JavaThread "main" [_thread_blocked, id=3331, stack(0x000000010b988000,0x000000010ba88000)]

Other Threads:
  0x00007fb984839800 VMThread [stack: 0x0000000117c12000,0x0000000117d12000] [id=10499]
  0x00007fb98402f000 WatcherThread [stack: 0x0000000119b6a000,0x0000000119c6a000] [id=18435]

VM state:not at safepoint (normal execution)

VM Mutex/Monitor currently owned by a thread: None

Heap
 PSYoungGen      total 294400K, used 197024K [0x00000007eaa80000, 0x0000000800000000, 0x0000000800000000)
  eden space 240128K, 68% used [0x00000007eaa80000,0x00000007f4ab0070,0x00000007f9500000)
  from space 54272K, 60% used [0x00000007fcb00000,0x00000007feb38188,0x0000000800000000)
  to   space 54784K, 0% used [0x00000007f9500000,0x00000007f9500000,0x00000007fca80000)
 ParOldGen       total 657408K, used 363019K [0x00000007c0000000, 0x00000007e8200000, 0x00000007eaa80000)
  object space 657408K, 55% used [0x00000007c0000000,0x00000007d6282cc0,0x00000007e8200000)
 PSPermGen       total 394240K, used 367876K [0x0000000740000000, 0x0000000758100000, 0x00000007c0000000)
  object space 394240K, 93% used [0x0000000740000000,0x0000000756741068,0x0000000758100000)

Card table byte_map: [0x000000010eb9a000,0x000000010f19b000] byte_map_base: 0x000000010b19a000

Polling page: 0x000000010bac7000

Code Cache  [0x000000010bada000, 0x000000010d14a000, 0x000000010eada000)
 total_blobs=6557 nmethods=5919 adapters=590 free_code_cache=26475Kb largest_free_block=26840192

Compilation events (10 events):
Event: 38688.002 Thread 0x00007fb98401f000 nmethod 7178 0x000000010d11e810 code [0x000000010d11e940, 0x000000010d11e998]
Event: 38688.031 Thread 0x00007fb98401f000 7179             java.io.DataOutputStream::writeInt (65 bytes)
Event: 38688.034 Thread 0x00007fb98401f000 nmethod 7179 0x000000010d120e50 code [0x000000010d121000, 0x000000010d121230]
Event: 38688.064 Thread 0x00007fb983817000 nmethod 7164 0x000000010d135990 code [0x000000010d135fe0, 0x000000010d13b998]
Event: 38688.394 Thread 0x00007fb98401f000 7180             com.google.common.io.LineBuffer::add (204 bytes)
Event: 38688.399 Thread 0x00007fb983817000 7181             com.google.common.base.Preconditions::checkNotNull (14 bytes)
Event: 38688.400 Thread 0x00007fb983817000 nmethod 7181 0x000000010caede10 code [0x000000010caedf40, 0x000000010caedf98]
Event: 38688.401 Thread 0x00007fb98401f000 nmethod 7180 0x000000010cf2f910 code [0x000000010cf2fae0, 0x000000010cf30030]
Event: 38688.402 Thread 0x00007fb983817000 7182 %           com.google.common.io.LineBuffer::add @ 47 (204 bytes)
Event: 38688.407 Thread 0x00007fb983817000 nmethod 7182% 0x000000010d128450 code [0x000000010d128620, 0x000000010d128bc0]

GC Heap History (10 events):
Event: 38677.033 GC heap before
{Heap before GC invocations=372 (full 31):
 PSYoungGen      total 301568K, used 288545K [0x00000007eaa80000, 0x0000000800000000, 0x0000000800000000)
  eden space 257536K, 100% used [0x00000007eaa80000,0x00000007fa600000,0x00000007fa600000)
  from space 44032K, 70% used [0x00000007fd500000,0x00000007ff348550,0x0000000800000000)
  to   space 46080K, 0% used [0x00000007fa600000,0x00000007fa600000,0x00000007fd300000)
 ParOldGen       total 657408K, used 333532K [0x00000007c0000000, 0x00000007e8200000, 0x00000007eaa80000)
  object space 657408K, 50% used [0x00000007c0000000,0x00000007d45b7030,0x00000007e8200000)
 PSPermGen       total 382464K, used 357838K [0x0000000740000000, 0x0000000757580000, 0x00000007c0000000)
  object space 382464K, 93% used [0x0000000740000000,0x0000000755d73988,0x0000000757580000)
Event: 38677.074 GC heap after
Heap after GC invocations=372 (full 31):
 PSYoungGen      total 299008K, used 41187K [0x00000007eaa80000, 0x0000000800000000, 0x0000000800000000)
  eden space 257536K, 0% used [0x00000007eaa80000,0x00000007eaa80000,0x00000007fa600000)
  from space 41472K, 99% used [0x00000007fa600000,0x00000007fce38f18,0x00000007fce80000)
  to   space 50688K, 0% used [0x00000007fce80000,0x00000007fce80000,0x0000000800000000)
 ParOldGen       total 657408K, used 333532K [0x00000007c0000000, 0x00000007e8200000, 0x00000007eaa80000)
  object space 657408K, 50% used [0x00000007c0000000,0x00000007d45b7030,0x00000007e8200000)
 PSPermGen       total 382464K, used 357838K [0x0000000740000000, 0x0000000757580000, 0x00000007c0000000)
  object space 382464K, 93% used [0x0000000740000000,0x0000000755d73988,0x0000000757580000)
}
Event: 38677.800 GC heap before
{Heap before GC invocations=373 (full 31):
 PSYoungGen      total 299008K, used 170510K [0x00000007eaa80000, 0x0000000800000000, 0x0000000800000000)
  eden space 257536K, 50% used [0x00000007eaa80000,0x00000007f28caac0,0x00000007fa600000)
  from space 41472K, 99% used [0x00000007fa600000,0x00000007fce38f18,0x00000007fce80000)
  to   space 50688K, 0% used [0x00000007fce80000,0x00000007fce80000,0x0000000800000000)
 ParOldGen       total 657408K, used 333532K [0x00000007c0000000, 0x00000007e8200000, 0x00000007eaa80000)
  object space 657408K, 50% used [0x00000007c0000000,0x00000007d45b7030,0x00000007e8200000)
 PSPermGen       total 382464K, used 359915K [0x0000000740000000, 0x0000000757580000, 0x00000007c0000000)
  object space 382464K, 94% used [0x0000000740000000,0x0000000755f7ade0,0x0000000757580000)
Event: 38677.836 GC heap after
Heap after GC invocations=373 (full 31):
 PSYoungGen      total 291840K, used 37747K [0x00000007eaa80000, 0x0000000800000000, 0x0000000800000000)
  eden space 241152K, 0% used [0x00000007eaa80000,0x00000007eaa80000,0x00000007f9600000)
  from space 50688K, 74% used [0x00000007fce80000,0x00000007ff35cfe0,0x0000000800000000)
  to   space 54272K, 0% used [0x00000007f9600000,0x00000007f9600000,0x00000007fcb00000)
 ParOldGen       total 657408K, used 333532K [0x00000007c0000000, 0x00000007e8200000, 0x00000007eaa80000)
  object space 657408K, 50% used [0x00000007c0000000,0x00000007d45b7030,0x00000007e8200000)
 PSPermGen       total 382464K, used 359915K [0x0000000740000000, 0x0000000757580000, 0x00000007c0000000)
  object space 382464K, 94% used [0x0000000740000000,0x0000000755f7ade0,0x0000000757580000)
}
Event: 38677.836 GC heap before
{Heap before GC invocations=374 (full 32):
 PSYoungGen      total 291840K, used 37747K [0x00000007eaa80000, 0x0000000800000000, 0x0000000800000000)
  eden space 241152K, 0% used [0x00000007eaa80000,0x00000007eaa80000,0x00000007f9600000)
  from space 50688K, 74% used [0x00000007fce80000,0x00000007ff35cfe0,0x0000000800000000)
  to   space 54272K, 0% used [0x00000007f9600000,0x00000007f9600000,0x00000007fcb00000)
 ParOldGen       total 657408K, used 333532K [0x00000007c0000000, 0x00000007e8200000, 0x00000007eaa80000)
  object space 657408K, 50% used [0x00000007c0000000,0x00000007d45b7030,0x00000007e8200000)
 PSPermGen       total 382464K, used 359915K [0x0000000740000000, 0x0000000757580000, 0x00000007c0000000)
  object space 382464K, 94% used [0x0000000740000000,0x0000000755f7ade0,0x0000000757580000)
Event: 38679.609 GC heap after
Heap after GC invocations=374 (full 32):
 PSYoungGen      total 291840K, used 0K [0x00000007eaa80000, 0x0000000800000000, 0x0000000800000000)
  eden space 241152K, 0% used [0x00000007eaa80000,0x00000007eaa80000,0x00000007f9600000)
  from space 50688K, 0% used [0x00000007fce80000,0x00000007fce80000,0x0000000800000000)
  to   space 54272K, 0% used [0x00000007f9600000,0x00000007f9600000,0x00000007fcb00000)
 ParOldGen       total 657408K, used 363019K [0x00000007c0000000, 0x00000007e8200000, 0x00000007eaa80000)
  object space 657408K, 55% used [0x00000007c0000000,0x00000007d6282cc0,0x00000007e8200000)
 PSPermGen       total 394240K, used 358653K [0x0000000740000000, 0x0000000758100000, 0x00000007c0000000)
  object space 394240K, 90% used [0x0000000740000000,0x0000000755e3f6a8,0x0000000758100000)
}
Event: 38685.945 GC heap before
{Heap before GC invocations=375 (full 32):
 PSYoungGen      total 291840K, used 241152K [0x00000007eaa80000, 0x0000000800000000, 0x0000000800000000)
  eden space 241152K, 100% used [0x00000007eaa80000,0x00000007f9600000,0x00000007f9600000)
  from space 50688K, 0% used [0x00000007fce80000,0x00000007fce80000,0x0000000800000000)
  to   space 54272K, 0% used [0x00000007f9600000,0x00000007f9600000,0x00000007fcb00000)
 ParOldGen       total 657408K, used 363019K [0x00000007c0000000, 0x00000007e8200000, 0x00000007eaa80000)
  object space 657408K, 55% used [0x00000007c0000000,0x00000007d6282cc0,0x00000007e8200000)
 PSPermGen       total 394240K, used 366107K [0x0000000740000000, 0x0000000758100000, 0x00000007c0000000)
  object space 394240K, 92% used [0x0000000740000000,0x0000000756586eb0,0x0000000758100000)
Event: 38685.992 GC heap after
Heap after GC invocations=375 (full 32):
 PSYoungGen      total 295424K, used 32161K [0x00000007eaa80000, 0x0000000800000000, 0x0000000800000000)
  eden space 241152K, 0% used [0x00000007eaa80000,0x00000007eaa80000,0x00000007f9600000)
  from space 54272K, 59% used [0x00000007f9600000,0x00000007fb568538,0x00000007fcb00000)
  to   space 54272K, 0% used [0x00000007fcb00000,0x00000007fcb00000,0x0000000800000000)
 ParOldGen       total 657408K, used 363019K [0x00000007c0000000, 0x00000007e8200000, 0x00000007eaa80000)
  object space 657408K, 55% used [0x00000007c0000000,0x00000007d6282cc0,0x00000007e8200000)
 PSPermGen       total 394240K, used 366107K [0x0000000740000000, 0x0000000758100000, 0x00000007c0000000)
  object space 394240K, 92% used [0x0000000740000000,0x0000000756586eb0,0x0000000758100000)
}
Event: 38687.457 GC heap before
{Heap before GC invocations=376 (full 32):
 PSYoungGen      total 295424K, used 273313K [0x00000007eaa80000, 0x0000000800000000, 0x0000000800000000)
  eden space 241152K, 100% used [0x00000007eaa80000,0x00000007f9600000,0x00000007f9600000)
  from space 54272K, 59% used [0x00000007f9600000,0x00000007fb568538,0x00000007fcb00000)
  to   space 54272K, 0% used [0x00000007fcb00000,0x00000007fcb00000,0x0000000800000000)
 ParOldGen       total 657408K, used 363019K [0x00000007c0000000, 0x00000007e8200000, 0x00000007eaa80000)
  object space 657408K, 55% used [0x00000007c0000000,0x00000007d6282cc0,0x00000007e8200000)
 PSPermGen       total 394240K, used 367640K [0x0000000740000000, 0x0000000758100000, 0x00000007c0000000)
  object space 394240K, 93% used [0x0000000740000000,0x0000000756706188,0x0000000758100000)
Event: 38687.494 GC heap after
Heap after GC invocations=376 (full 32):
 PSYoungGen      total 294400K, used 32992K [0x00000007eaa80000, 0x0000000800000000, 0x0000000800000000)
  eden space 240128K, 0% used [0x00000007eaa80000,0x00000007eaa80000,0x00000007f9500000)
  from space 54272K, 60% used [0x00000007fcb00000,0x00000007feb38188,0x0000000800000000)
  to   space 54784K, 0% used [0x00000007f9500000,0x00000007f9500000,0x00000007fca80000)
 ParOldGen       total 657408K, used 363019K [0x00000007c0000000, 0x00000007e8200000, 0x00000007eaa80000)
  object space 657408K, 55% used [0x00000007c0000000,0x00000007d6282cc0,0x00000007e8200000)
 PSPermGen       total 394240K, used 367640K [0x0000000740000000, 0x0000000758100000, 0x00000007c0000000)
  object space 394240K, 93% used [0x0000000740000000,0x0000000756706188,0x0000000758100000)
}

Deoptimization events (10 events):
Event: 38685.942 Thread 0x00007fb98c0de000 Uncommon trap: reason=bimorphic action=maybe_recompile pc=0x000000010c455ef4 method=java.io.FilterOutputStream.flush()V @ 4
Event: 38686.538 Thread 0x00007fb984dfb000 Uncommon trap: reason=class_check action=maybe_recompile pc=0x000000010bb3edd0 method=java.lang.String.equals(Ljava/lang/Object;)Z @ 8
Event: 38687.130 Thread 0x00007fb985f48800 Uncommon trap: reason=null_check action=make_not_entrant pc=0x000000010d07fad0 method=com.google.common.collect.AbstractMapBasedMultimap$WrappedCollection.refreshIfEmpty()V @ 64
Event: 38687.135 Thread 0x00007fb985f48800 Uncommon trap: reason=null_check action=make_not_entrant pc=0x000000010d038de8 method=com.google.common.collect.AbstractMapBasedMultimap$WrappedCollection.refreshIfEmpty()V @ 64
Event: 38687.936 Thread 0x00007fb985f48800 Uncommon trap: reason=null_check action=make_not_entrant pc=0x000000010d125b48 method=com.android.ide.common.res2.NodeUtils.processSingleNodeNamespace(Lorg/w3c/dom/Node;Lorg/w3c/dom/Document;)Z @ 8
Event: 38687.936 Thread 0x00007fb985f48800 Uncommon trap: reason=null_check action=make_not_entrant pc=0x000000010c7ab10c method=com.android.ide.common.res2.NodeUtils.processSingleNodeNamespace(Lorg/w3c/dom/Node;Lorg/w3c/dom/Document;)Z @ 8
Event: 38688.061 Thread 0x00007fb985f48800 Uncommon trap: reason=class_check action=maybe_recompile pc=0x000000010bd7f2ac method=com.google.common.collect.AbstractMapBasedMultimap.createCollection(Ljava/lang/Object;)Ljava/util/Collection; @ 1
Event: 38688.061 Thread 0x00007fb985f48800 Uncommon trap: reason=class_check action=maybe_recompile pc=0x000000010bd7f2ac method=com.google.common.collect.AbstractMapBasedMultimap.createCollection(Ljava/lang/Object;)Ljava/util/Collection; @ 1
Event: 38688.061 Thread 0x00007fb985f48800 Uncommon trap: reason=class_check action=maybe_recompile pc=0x000000010bd7f2ac method=com.google.common.collect.AbstractMapBasedMultimap.createCollection(Ljava/lang/Object;)Ljava/util/Collection; @ 1
Event: 38688.061 Thread 0x00007fb985f48800 Uncommon trap: reason=class_check action=maybe_recompile pc=0x000000010bd7f2ac method=com.google.common.collect.AbstractMapBasedMultimap.createCollection(Ljava/lang/Object;)Ljava/util/Collection; @ 1

Internal exceptions (10 events):
Event: 38688.066 Thread 0x00007fb985f48800 Threw 0x00000007f3fab128 at /HUDSON/workspace/7u-2-build-macosx-x86_64/jdk7u71/1605/hotspot/src/share/vm/prims/jvm.cpp:1281
Event: 38688.066 Thread 0x00007fb985f48800 Threw 0x00000007f3fadab8 at /HUDSON/workspace/7u-2-build-macosx-x86_64/jdk7u71/1605/hotspot/src/share/vm/prims/jvm.cpp:1281
Event: 38688.066 Thread 0x00007fb985f48800 Threw 0x00000007f3fae700 at /HUDSON/workspace/7u-2-build-macosx-x86_64/jdk7u71/1605/hotspot/src/share/vm/prims/jvm.cpp:1281
Event: 38688.066 Thread 0x00007fb985f48800 Threw 0x00000007f3fb5960 at /HUDSON/workspace/7u-2-build-macosx-x86_64/jdk7u71/1605/hotspot/src/share/vm/prims/jvm.cpp:1281
Event: 38688.066 Thread 0x00007fb985f48800 Threw 0x00000007f3fb5d48 at /HUDSON/workspace/7u-2-build-macosx-x86_64/jdk7u71/1605/hotspot/src/share/vm/classfile/systemDictionary.cpp:185
Event: 38688.066 Thread 0x00007fb985f48800 Threw 0x00000007f3fbd578 at /HUDSON/workspace/7u-2-build-macosx-x86_64/jdk7u71/1605/hotspot/src/share/vm/prims/jvm.cpp:1281
Event: 38688.066 Thread 0x00007fb985f48800 Threw 0x00000007f3fbff90 at /HUDSON/workspace/7u-2-build-macosx-x86_64/jdk7u71/1605/hotspot/src/share/vm/prims/jvm.cpp:1281
Event: 38688.066 Thread 0x00007fb985f48800 Threw 0x00000007f3fc0bf0 at /HUDSON/workspace/7u-2-build-macosx-x86_64/jdk7u71/1605/hotspot/src/share/vm/prims/jvm.cpp:1281
Event: 38688.066 Thread 0x00007fb985f48800 Threw 0x00000007f3fc7fe0 at /HUDSON/workspace/7u-2-build-macosx-x86_64/jdk7u71/1605/hotspot/src/share/vm/prims/jvm.cpp:1281
Event: 38688.066 Thread 0x00007fb985f48800 Threw 0x00000007f3fc83d0 at /HUDSON/workspace/7u-2-build-macosx-x86_64/jdk7u71/1605/hotspot/src/share/vm/classfile/systemDictionary.cpp:185

Events (10 events):
Event: 38688.066 loading class 0x00007fb98571e140
Event: 38688.066 loading class 0x00007fb98571e140 done
Event: 38688.066 loading class 0x00007fb985622a80
Event: 38688.066 loading class 0x00007fb985622a80 done
Event: 38688.066 loading class 0x00007fb985622a80
Event: 38688.066 loading class 0x00007fb985622a80 done
Event: 38688.084 Thread 0x00007fb98d083000 Thread added: 0x00007fb98d083000
Event: 38688.084 Thread 0x00007fb98a5e1800 Thread added: 0x00007fb98a5e1800
Event: 38688.386 Thread 0x00007fb98a5e1800 Thread exited: 0x00007fb98a5e1800
Event: 38688.386 Thread 0x00007fb98d083000 Thread exited: 0x00007fb98d083000


Dynamic libraries:
0x0000000005a09000 	/System/Library/Frameworks/Cocoa.framework/Versions/A/Cocoa
0x0000000005a09000 	/System/Library/Frameworks/Security.framework/Versions/A/Security
0x0000000005a09000 	/System/Library/Frameworks/ApplicationServices.framework/Versions/A/ApplicationServices
0x0000000005a09000 	/usr/lib/libz.1.dylib
0x0000000005a09000 	/usr/lib/libSystem.B.dylib
0x0000000005a09000 	/usr/lib/libobjc.A.dylib
0x0000000005a09000 	/System/Library/Frameworks/CoreFoundation.framework/Versions/A/CoreFoundation
0x0000000005a09000 	/System/Library/Frameworks/Foundation.framework/Versions/C/Foundation
0x0000000005a09000 	/System/Library/Frameworks/AppKit.framework/Versions/C/AppKit
0x0000000005a09000 	/System/Library/Frameworks/CoreData.framework/Versions/A/CoreData
0x0000000005a09000 	/System/Library/PrivateFrameworks/RemoteViewServices.framework/Versions/A/RemoteViewServices
0x0000000005a09000 	/System/Library/PrivateFrameworks/UIFoundation.framework/Versions/A/UIFoundation
0x0000000005a09000 	/System/Library/Frameworks/IOSurface.framework/Versions/A/IOSurface
0x0000000005a09000 	/System/Library/Frameworks/AudioToolbox.framework/Versions/A/AudioToolbox
0x0000000005a09000 	/System/Library/Frameworks/AudioUnit.framework/Versions/A/AudioUnit
0x0000000005a09000 	/System/Library/PrivateFrameworks/DataDetectorsCore.framework/Versions/A/DataDetectorsCore
0x0000000005a09000 	/System/Library/PrivateFrameworks/DesktopServicesPriv.framework/Versions/A/DesktopServicesPriv
0x0000000005a09000 	/System/Library/Frameworks/Carbon.framework/Versions/A/Frameworks/HIToolbox.framework/Versions/A/HIToolbox
0x0000000005a09000 	/System/Library/Frameworks/QuartzCore.framework/Versions/A/QuartzCore
0x0000000005a09000 	/System/Library/Frameworks/Carbon.framework/Versions/A/Frameworks/SpeechRecognition.framework/Versions/A/SpeechRecognition
0x0000000005a09000 	/usr/lib/libauto.dylib
0x0000000005a09000 	/usr/lib/libicucore.A.dylib
0x0000000005a09000 	/usr/lib/libxml2.2.dylib
0x0000000005a09000 	/System/Library/PrivateFrameworks/CoreUI.framework/Versions/A/CoreUI
0x0000000005a09000 	/System/Library/Frameworks/CoreAudio.framework/Versions/A/CoreAudio
0x0000000005a09000 	/System/Library/Frameworks/DiskArbitration.framework/Versions/A/DiskArbitration
0x0000000005a09000 	/usr/lib/liblangid.dylib
0x0000000005a09000 	/System/Library/PrivateFrameworks/MultitouchSupport.framework/Versions/A/MultitouchSupport
0x0000000005a09000 	/System/Library/Frameworks/IOKit.framework/Versions/A/IOKit
0x0000000005a09000 	/usr/lib/libDiagnosticMessagesClient.dylib
0x0000000005a09000 	/System/Library/Frameworks/CoreServices.framework/Versions/A/CoreServices
0x0000000005a09000 	/System/Library/PrivateFrameworks/PerformanceAnalysis.framework/Versions/A/PerformanceAnalysis
0x0000000005a09000 	/System/Library/PrivateFrameworks/GenerationalStorage.framework/Versions/A/GenerationalStorage
0x0000000005a09000 	/System/Library/Frameworks/OpenGL.framework/Versions/A/OpenGL
0x0000000005a09000 	/System/Library/PrivateFrameworks/Sharing.framework/Versions/A/Sharing
0x0000000005a09000 	/System/Library/Frameworks/CoreGraphics.framework/Versions/A/CoreGraphics
0x0000000005a09000 	/System/Library/Frameworks/CoreText.framework/Versions/A/CoreText
0x0000000005a09000 	/System/Library/Frameworks/ImageIO.framework/Versions/A/ImageIO
0x0000000005a09000 	/usr/lib/libextension.dylib
0x0000000005a09000 	/System/Library/PrivateFrameworks/Backup.framework/Versions/A/Backup
0x0000000005a09000 	/usr/lib/libarchive.2.dylib
0x0000000005a09000 	/System/Library/Frameworks/CFNetwork.framework/Versions/A/CFNetwork
0x0000000005a09000 	/System/Library/Frameworks/SystemConfiguration.framework/Versions/A/SystemConfiguration
0x0000000005a09000 	/usr/lib/libCRFSuite.dylib
0x0000000005a09000 	/usr/lib/libc++.1.dylib
0x0000000005a09000 	/usr/lib/libc++abi.dylib
0x0000000005a09000 	/usr/lib/system/libcache.dylib
0x0000000005a09000 	/usr/lib/system/libcommonCrypto.dylib
0x0000000005a09000 	/usr/lib/system/libcompiler_rt.dylib
0x0000000005a09000 	/usr/lib/system/libcopyfile.dylib
0x0000000005a09000 	/usr/lib/system/libcorecrypto.dylib
0x0000000005a09000 	/usr/lib/system/libdispatch.dylib
0x0000000005a09000 	/usr/lib/system/libdyld.dylib
0x0000000005a09000 	/usr/lib/system/libkeymgr.dylib
0x0000000005a09000 	/usr/lib/system/liblaunch.dylib
0x0000000005a09000 	/usr/lib/system/libmacho.dylib
0x0000000005a09000 	/usr/lib/system/libquarantine.dylib
0x0000000005a09000 	/usr/lib/system/libremovefile.dylib
0x0000000005a09000 	/usr/lib/system/libsystem_asl.dylib
0x0000000005a09000 	/usr/lib/system/libsystem_blocks.dylib
0x0000000005a09000 	/usr/lib/system/libsystem_c.dylib
0x0000000005a09000 	/usr/lib/system/libsystem_configuration.dylib
0x0000000005a09000 	/usr/lib/system/libsystem_coreservices.dylib
0x0000000005a09000 	/usr/lib/system/libsystem_coretls.dylib
0x0000000005a09000 	/usr/lib/system/libsystem_dnssd.dylib
0x0000000005a09000 	/usr/lib/system/libsystem_info.dylib
0x0000000005a09000 	/usr/lib/system/libsystem_kernel.dylib
0x0000000005a09000 	/usr/lib/system/libsystem_m.dylib
0x0000000005a09000 	/usr/lib/system/libsystem_malloc.dylib
0x0000000005a09000 	/usr/lib/system/libsystem_network.dylib
0x0000000005a09000 	/usr/lib/system/libsystem_networkextension.dylib
0x0000000005a09000 	/usr/lib/system/libsystem_notify.dylib
0x0000000005a09000 	/usr/lib/system/libsystem_platform.dylib
0x0000000005a09000 	/usr/lib/system/libsystem_pthread.dylib
0x0000000005a09000 	/usr/lib/system/libsystem_sandbox.dylib
0x0000000005a09000 	/usr/lib/system/libsystem_secinit.dylib
0x0000000005a09000 	/usr/lib/system/libsystem_stats.dylib
0x0000000005a09000 	/usr/lib/system/libsystem_trace.dylib
0x0000000005a09000 	/usr/lib/system/libunc.dylib
0x0000000005a09000 	/usr/lib/system/libunwind.dylib
0x0000000005a09000 	/usr/lib/system/libxpc.dylib
0x0000000005a09000 	/usr/lib/libbz2.1.0.dylib
0x0000000005a09000 	/usr/lib/liblzma.5.dylib
0x0000000005a09000 	/usr/lib/libbsm.0.dylib
0x0000000005a09000 	/usr/lib/libsqlite3.dylib
0x0000000005a09000 	/usr/lib/system/libkxld.dylib
0x0000000005a09000 	/usr/lib/libxar.1.dylib
0x0000000005a09000 	/usr/lib/libpam.2.dylib
0x0000000005a09000 	/usr/lib/libOpenScriptingUtil.dylib
0x0000000005a09000 	/System/Library/Frameworks/CoreServices.framework/Versions/A/Frameworks/FSEvents.framework/Versions/A/FSEvents
0x0000000005a09000 	/System/Library/Frameworks/CoreServices.framework/Versions/A/Frameworks/CarbonCore.framework/Versions/A/CarbonCore
0x0000000005a09000 	/System/Library/Frameworks/CoreServices.framework/Versions/A/Frameworks/Metadata.framework/Versions/A/Metadata
0x0000000005a09000 	/System/Library/Frameworks/CoreServices.framework/Versions/A/Frameworks/OSServices.framework/Versions/A/OSServices
0x0000000005a09000 	/System/Library/Frameworks/CoreServices.framework/Versions/A/Frameworks/SearchKit.framework/Versions/A/SearchKit
0x0000000005a09000 	/System/Library/Frameworks/CoreServices.framework/Versions/A/Frameworks/AE.framework/Versions/A/AE
0x0000000005a09000 	/System/Library/Frameworks/CoreServices.framework/Versions/A/Frameworks/LaunchServices.framework/Versions/A/LaunchServices
0x0000000005a09000 	/System/Library/Frameworks/CoreServices.framework/Versions/A/Frameworks/DictionaryServices.framework/Versions/A/DictionaryServices
0x0000000005a09000 	/System/Library/Frameworks/NetFS.framework/Versions/A/NetFS
0x0000000005a09000 	/System/Library/PrivateFrameworks/NetAuth.framework/Versions/A/NetAuth
0x0000000005a09000 	/System/Library/PrivateFrameworks/login.framework/Versions/A/Frameworks/loginsupport.framework/Versions/A/loginsupport
0x0000000005a09000 	/System/Library/PrivateFrameworks/TCC.framework/Versions/A/TCC
0x0000000005a09000 	/usr/lib/libmecabra.dylib
0x0000000005a09000 	/System/Library/PrivateFrameworks/LanguageModeling.framework/Versions/A/LanguageModeling
0x0000000005a09000 	/usr/lib/libcmph.dylib
0x0000000005a09000 	/usr/lib/libiconv.2.dylib
0x0000000005a09000 	/System/Library/Frameworks/OpenDirectory.framework/Versions/A/Frameworks/CFOpenDirectory.framework/Versions/A/CFOpenDirectory
0x0000000005a09000 	/System/Library/Frameworks/ServiceManagement.framework/Versions/A/ServiceManagement
0x0000000005a09000 	/usr/lib/libxslt.1.dylib
0x0000000005a09000 	/System/Library/Frameworks/Carbon.framework/Versions/A/Frameworks/Ink.framework/Versions/A/Ink
0x0000000005a09000 	/System/Library/Frameworks/ApplicationServices.framework/Versions/A/Frameworks/ATS.framework/Versions/A/ATS
0x0000000005a09000 	/System/Library/Frameworks/ApplicationServices.framework/Versions/A/Frameworks/ColorSync.framework/Versions/A/ColorSync
0x0000000005a09000 	/System/Library/Frameworks/ApplicationServices.framework/Versions/A/Frameworks/HIServices.framework/Versions/A/HIServices
0x0000000005a09000 	/System/Library/Frameworks/ApplicationServices.framework/Versions/A/Frameworks/LangAnalysis.framework/Versions/A/LangAnalysis
0x0000000005a09000 	/System/Library/Frameworks/ApplicationServices.framework/Versions/A/Frameworks/PrintCore.framework/Versions/A/PrintCore
0x0000000005a09000 	/System/Library/Frameworks/ApplicationServices.framework/Versions/A/Frameworks/QD.framework/Versions/A/QD
0x0000000005a09000 	/System/Library/Frameworks/ApplicationServices.framework/Versions/A/Frameworks/SpeechSynthesis.framework/Versions/A/SpeechSynthesis
0x0000000005a09000 	/System/Library/Frameworks/Accelerate.framework/Versions/A/Accelerate
0x0000000005a09000 	/System/Library/Frameworks/Accelerate.framework/Versions/A/Frameworks/vImage.framework/Versions/A/vImage
0x0000000005a09000 	/System/Library/Frameworks/Accelerate.framework/Versions/A/Frameworks/vecLib.framework/Versions/A/vecLib
0x0000000005a09000 	/System/Library/Frameworks/Accelerate.framework/Versions/A/Frameworks/vecLib.framework/Versions/A/libvDSP.dylib
0x0000000005a09000 	/System/Library/Frameworks/Accelerate.framework/Versions/A/Frameworks/vecLib.framework/Versions/A/libvMisc.dylib
0x0000000005a09000 	/System/Library/Frameworks/Accelerate.framework/Versions/A/Frameworks/vecLib.framework/Versions/A/libLAPACK.dylib
0x0000000005a09000 	/System/Library/Frameworks/Accelerate.framework/Versions/A/Frameworks/vecLib.framework/Versions/A/libBLAS.dylib
0x0000000005a09000 	/System/Library/Frameworks/Accelerate.framework/Versions/A/Frameworks/vecLib.framework/Versions/A/libLinearAlgebra.dylib
0x0000000005a09000 	/System/Library/Frameworks/ApplicationServices.framework/Versions/A/Frameworks/ATS.framework/Versions/A/Resources/libFontParser.dylib
0x0000000005a09000 	/System/Library/Frameworks/ApplicationServices.framework/Versions/A/Frameworks/ATS.framework/Versions/A/Resources/libFontRegistry.dylib
0x0000000005a09000 	/System/Library/PrivateFrameworks/AppleVPA.framework/Versions/A/AppleVPA
0x0000000005a09000 	/System/Library/PrivateFrameworks/AppleJPEG.framework/Versions/A/AppleJPEG
0x0000000005a09000 	/System/Library/Frameworks/ImageIO.framework/Versions/A/Resources/libJPEG.dylib
0x0000000005a09000 	/System/Library/Frameworks/ImageIO.framework/Versions/A/Resources/libTIFF.dylib
0x0000000005a09000 	/System/Library/Frameworks/ImageIO.framework/Versions/A/Resources/libPng.dylib
0x0000000005a09000 	/System/Library/Frameworks/ImageIO.framework/Versions/A/Resources/libGIF.dylib
0x0000000005a09000 	/System/Library/Frameworks/ImageIO.framework/Versions/A/Resources/libJP2.dylib
0x0000000005a09000 	/System/Library/Frameworks/ImageIO.framework/Versions/A/Resources/libRadiance.dylib
0x0000000005a09000 	/System/Library/Frameworks/CoreVideo.framework/Versions/A/CoreVideo
0x0000000005a09000 	/System/Library/Frameworks/OpenGL.framework/Versions/A/Libraries/libGLU.dylib
0x0000000005a09000 	/System/Library/Frameworks/OpenGL.framework/Versions/A/Libraries/libGFXShared.dylib
0x0000000005a09000 	/System/Library/Frameworks/OpenGL.framework/Versions/A/Libraries/libGL.dylib
0x0000000005a09000 	/System/Library/Frameworks/OpenGL.framework/Versions/A/Libraries/libGLImage.dylib
0x0000000005a09000 	/System/Library/Frameworks/OpenGL.framework/Versions/A/Libraries/libCVMSPluginSupport.dylib
0x0000000005a09000 	/System/Library/Frameworks/OpenGL.framework/Versions/A/Libraries/libCoreVMClient.dylib
0x0000000005a09000 	/usr/lib/libcups.2.dylib
0x0000000005a09000 	/System/Library/Frameworks/Kerberos.framework/Versions/A/Kerberos
0x0000000005a09000 	/System/Library/Frameworks/GSS.framework/Versions/A/GSS
0x0000000005a09000 	/usr/lib/libresolv.9.dylib
0x0000000005a09000 	/System/Library/PrivateFrameworks/Heimdal.framework/Versions/A/Heimdal
0x0000000005a09000 	/usr/lib/libheimdal-asn1.dylib
0x0000000005a09000 	/System/Library/Frameworks/OpenDirectory.framework/Versions/A/OpenDirectory
0x0000000005a09000 	/System/Library/PrivateFrameworks/CommonAuth.framework/Versions/A/CommonAuth
0x0000000005a09000 	/System/Library/Frameworks/SecurityFoundation.framework/Versions/A/SecurityFoundation
0x0000000005a09000 	/System/Library/Frameworks/QuartzCore.framework/Versions/A/Frameworks/CoreImage.framework/Versions/A/CoreImage
0x0000000005a09000 	/System/Library/PrivateFrameworks/CrashReporterSupport.framework/Versions/A/CrashReporterSupport
0x0000000005a09000 	/System/Library/Frameworks/OpenCL.framework/Versions/A/OpenCL
0x0000000005a09000 	/System/Library/PrivateFrameworks/FaceCore.framework/Versions/A/FaceCore
0x0000000005a09000 	/System/Library/PrivateFrameworks/Ubiquity.framework/Versions/A/Ubiquity
0x0000000005a09000 	/System/Library/PrivateFrameworks/IconServices.framework/Versions/A/IconServices
0x0000000005a09000 	/System/Library/PrivateFrameworks/ChunkingLibrary.framework/Versions/A/ChunkingLibrary
0x0000000005a09000 	/System/Library/PrivateFrameworks/Apple80211.framework/Versions/A/Apple80211
0x0000000005a09000 	/System/Library/Frameworks/CoreWLAN.framework/Versions/A/CoreWLAN
0x0000000005a09000 	/System/Library/Frameworks/IOBluetooth.framework/Versions/A/IOBluetooth
0x0000000005a09000 	/System/Library/PrivateFrameworks/CoreWiFi.framework/Versions/A/CoreWiFi
0x0000000005a09000 	/System/Library/Frameworks/CoreBluetooth.framework/Versions/A/CoreBluetooth
0x0000000005a09000 	/System/Library/PrivateFrameworks/DebugSymbols.framework/Versions/A/DebugSymbols
0x0000000005a09000 	/System/Library/PrivateFrameworks/CoreSymbolication.framework/Versions/A/CoreSymbolication
0x0000000005a09000 	/System/Library/PrivateFrameworks/Symbolication.framework/Versions/A/Symbolication
0x0000000005a09000 	/System/Library/PrivateFrameworks/SpeechRecognitionCore.framework/Versions/A/SpeechRecognitionCore
0x000000010af27000 	/Library/Java/JavaVirtualMachines/jdk1.7.0_71.jdk/Contents/Home/jre/lib/server/libjvm.dylib
0x0000000005a09000 	/usr/lib/libstdc++.6.dylib
0x000000010ba8a000 	/Library/Java/JavaVirtualMachines/jdk1.7.0_71.jdk/Contents/Home/jre/lib/libverify.dylib
0x000000010ba97000 	/Library/Java/JavaVirtualMachines/jdk1.7.0_71.jdk/Contents/Home/jre/lib/libjava.dylib
0x000000010bad1000 	/Library/Java/JavaVirtualMachines/jdk1.7.0_71.jdk/Contents/Home/jre/lib/libzip.dylib
0x0000000117f1a000 	/System/Library/Frameworks/JavaVM.framework/Frameworks/JavaRuntimeSupport.framework/JavaRuntimeSupport
0x0000000117f32000 	/System/Library/Frameworks/JavaVM.framework/Versions/A/Frameworks/JavaNativeFoundation.framework/Versions/A/JavaNativeFoundation
0x0000000117f47000 	/System/Library/Frameworks/JavaVM.framework/Versions/A/JavaVM
0x0000000005a09000 	/System/Library/Frameworks/Carbon.framework/Versions/A/Carbon
0x0000000117f54000 	/System/Library/PrivateFrameworks/JavaLaunching.framework/Versions/A/JavaLaunching
0x0000000005a09000 	/System/Library/Frameworks/Carbon.framework/Versions/A/Frameworks/CommonPanels.framework/Versions/A/CommonPanels
0x0000000005a09000 	/System/Library/Frameworks/Carbon.framework/Versions/A/Frameworks/Help.framework/Versions/A/Help
0x0000000005a09000 	/System/Library/Frameworks/Carbon.framework/Versions/A/Frameworks/ImageCapture.framework/Versions/A/ImageCapture
0x0000000005a09000 	/System/Library/Frameworks/Carbon.framework/Versions/A/Frameworks/OpenScripting.framework/Versions/A/OpenScripting
0x0000000005a09000 	/System/Library/Frameworks/Carbon.framework/Versions/A/Frameworks/Print.framework/Versions/A/Print
0x0000000005a09000 	/System/Library/Frameworks/Carbon.framework/Versions/A/Frameworks/SecurityHI.framework/Versions/A/SecurityHI
0x0000000119ed7000 	/Library/Java/JavaVirtualMachines/jdk1.7.0_71.jdk/Contents/Home/jre/lib/libnet.dylib
0x0000000119f35000 	/Library/Java/JavaVirtualMachines/jdk1.7.0_71.jdk/Contents/Home/jre/lib/libnio.dylib
0x000000011a3cc000 	/private/var/folders/vs/3j0vtn2d28d_q96nv8rsh_wh0000gn/T/native-platform8243508029303856952dir/libnative-platform.dylib

VM Arguments:
jvm_args: -XX:MaxPermSize=2g -Xmx1g -Dfile.encoding=UTF-8 -Duser.country=US -Duser.language=en -Duser.variant 
java_command: org.gradle.launcher.daemon.bootstrap.GradleDaemon 2.1 /Users/andrewgrosner/.gradle/daemon 10800000 e908fc7a-1473-4585-b0ea-6dfa4e53241f -XX:MaxPermSize=2g -Xmx1g -Dfile.encoding=UTF-8 -Duser.country=US -Duser.language=en -Duser.variant
Launcher Type: SUN_STANDARD

Environment Variables:
PATH=/usr/bin:/bin:/usr/sbin:/sbin
SHELL=/bin/bash

Signal Handlers:
SIGSEGV: [libjvm.dylib+0x52c49d], sa_mask[0]=0xfffefeff, sa_flags=0x00000043
SIGBUS: [libjvm.dylib+0x52c49d], sa_mask[0]=0xfffefeff, sa_flags=0x00000042
SIGFPE: [libjvm.dylib+0x41e53a], sa_mask[0]=0xfffefeff, sa_flags=0x00000042
SIGPIPE: [libjvm.dylib+0x41e53a], sa_mask[0]=0xfffefeff, sa_flags=0x00000042
SIGXFSZ: [libjvm.dylib+0x41e53a], sa_mask[0]=0xfffefeff, sa_flags=0x00000042
SIGILL: [libjvm.dylib+0x41e53a], sa_mask[0]=0xfffefeff, sa_flags=0x00000042
SIGUSR1: SIG_DFL, sa_mask[0]=0x00000000, sa_flags=0x00000000
SIGUSR2: [libjvm.dylib+0x41e02c], sa_mask[0]=0x00000004, sa_flags=0x00000042
SIGHUP: [libjvm.dylib+0x41c2bd], sa_mask[0]=0xfffefeff, sa_flags=0x00000042
SIGINT: [libjvm.dylib+0x41c2bd], sa_mask[0]=0xfffefeff, sa_flags=0x00000042
SIGTERM: [libjvm.dylib+0x41c2bd], sa_mask[0]=0xfffefeff, sa_flags=0x00000042
SIGQUIT: [libjvm.dylib+0x41c2bd], sa_mask[0]=0xfffefeff, sa_flags=0x00000042


---------------  S Y S T E M  ---------------

OS:Bsduname:Darwin 14.0.0 Darwin Kernel Version 14.0.0: Fri Sep 19 00:26:44 PDT 2014; root:xnu-2782.1.97~2/RELEASE_X86_64 x86_64
rlimit: STACK 8192k, CORE 0k, NPROC 709, NOFILE 10240, AS infinity
load average:5.79 3.59 3.01

CPU:total 4 (2 cores per cpu, 2 threads per core) family 6 model 69 stepping 1, cmov, cx8, fxsr, mmx, sse, sse2, sse3, ssse3, sse4.1, sse4.2, popcnt, avx, avx2, aes, erms, ht, tsc, tscinvbit

Memory: 4k page, physical 16777216k(4194304k free)

/proc/meminfo:


vm_info: Java HotSpot(TM) 64-Bit Server VM (24.71-b01) for bsd-amd64 JRE (1.7.0_71-b14), built on Sep 26 2014 16:11:44 by "java_re" with gcc 4.2.1 (Based on Apple Inc. build 5658) (LLVM build 2336.11.00)

time: Thu Nov 20 21:05:01 2014
elapsed time: 38688 seconds

